{"numFailedTestSuites":0,"numFailedTests":0,"numPassedTestSuites":1,"numPassedTests":1,"numPendingTestSuites":0,"numPendingTests":0,"numRuntimeErrorTestSuites":0,"numTodoTests":0,"numTotalTestSuites":1,"numTotalTests":1,"openHandles":[],"snapshot":{"added":0,"didUpdate":false,"failure":false,"filesAdded":0,"filesRemoved":0,"filesRemovedList":[],"filesUnmatched":0,"filesUpdated":0,"matched":0,"total":0,"unchecked":0,"uncheckedKeysByFile":[],"unmatched":0,"updated":0},"startTime":1756850549748,"success":true,"testResults":[{"assertionResults":[{"ancestorTitles":["smoke"],"duration":1,"failureDetails":[],"failureMessages":[],"fullName":"smoke adds numbers","invocations":1,"location":null,"numPassingAsserts":1,"retryReasons":[],"status":"passed","title":"adds numbers"}],"endTime":1756850551140,"message":"","name":"/Users/adamburdett/Github/botct/packages/server/__tests__/smoke.test.ts","startTime":1756850549903,"status":"passed","summary":""}],"wasInterrupted":false}
